{"/Users/sansaro/manulife_university/class_hub/ClassHub-api/controllers/attendancesController.js": {"path":"/Users/sansaro/manulife_university/class_hub/ClassHub-api/controllers/attendancesController.js","statementMap":{"0":{"start":{"line":1,"column":30},"end":{"line":25,"column":1}},"1":{"start":{"line":3,"column":17},"end":{"line":10,"column":5}},"2":{"start":{"line":4,"column":27},"end":{"line":4,"column":35}},"3":{"start":{"line":5,"column":8},"end":{"line":8,"column":9}},"4":{"start":{"line":6,"column":12},"end":{"line":6,"column":67}},"5":{"start":{"line":7,"column":12},"end":{"line":7,"column":44}},"6":{"start":{"line":9,"column":8},"end":{"line":9,"column":48}},"7":{"start":{"line":12,"column":16},"end":{"line":19,"column":5}},"8":{"start":{"line":13,"column":26},"end":{"line":13,"column":45}},"9":{"start":{"line":14,"column":29},"end":{"line":14,"column":45}},"10":{"start":{"line":15,"column":8},"end":{"line":17,"column":9}},"11":{"start":{"line":16,"column":12},"end":{"line":16,"column":82}},"12":{"start":{"line":16,"column":56},"end":{"line":16,"column":80}},"13":{"start":{"line":18,"column":8},"end":{"line":18,"column":33}},"14":{"start":{"line":21,"column":20},"end":{"line":21,"column":58}},"15":{"start":{"line":21,"column":34},"end":{"line":21,"column":58}},"16":{"start":{"line":23,"column":4},"end":{"line":23,"column":34}},"17":{"start":{"line":27,"column":0},"end":{"line":27,"column":39}}},"fnMap":{"0":{"name":"(anonymous_0)","decl":{"start":{"line":1,"column":30},"end":{"line":1,"column":31}},"loc":{"start":{"line":1,"column":47},"end":{"line":25,"column":1}},"line":1},"1":{"name":"(anonymous_1)","decl":{"start":{"line":3,"column":17},"end":{"line":3,"column":18}},"loc":{"start":{"line":3,"column":31},"end":{"line":10,"column":5}},"line":3},"2":{"name":"(anonymous_2)","decl":{"start":{"line":12,"column":16},"end":{"line":12,"column":17}},"loc":{"start":{"line":12,"column":30},"end":{"line":19,"column":5}},"line":12},"3":{"name":"(anonymous_3)","decl":{"start":{"line":16,"column":51},"end":{"line":16,"column":52}},"loc":{"start":{"line":16,"column":56},"end":{"line":16,"column":80}},"line":16},"4":{"name":"(anonymous_4)","decl":{"start":{"line":21,"column":20},"end":{"line":21,"column":21}},"loc":{"start":{"line":21,"column":34},"end":{"line":21,"column":58}},"line":21}},"branchMap":{"0":{"loc":{"start":{"line":15,"column":8},"end":{"line":17,"column":9}},"type":"if","locations":[{"start":{"line":15,"column":8},"end":{"line":17,"column":9}},{"start":{},"end":{}}],"line":15}},"s":{"0":1,"1":3,"2":1,"3":1,"4":0,"5":0,"6":1,"7":3,"8":2,"9":2,"10":2,"11":1,"12":1,"13":2,"14":3,"15":0,"16":3,"17":1},"f":{"0":3,"1":1,"2":2,"3":1,"4":0},"b":{"0":[1,1]},"_coverageSchema":"1a1c01bbd47fc00a2c39e90264f33305004495a9","hash":"416a723770c0c94461e1cf12334b1816cd394a6f"}
,"/Users/sansaro/manulife_university/class_hub/ClassHub-api/controllers/examsController.js": {"path":"/Users/sansaro/manulife_university/class_hub/ClassHub-api/controllers/examsController.js","statementMap":{"0":{"start":{"line":1,"column":24},"end":{"line":25,"column":1}},"1":{"start":{"line":3,"column":17},"end":{"line":10,"column":5}},"2":{"start":{"line":4,"column":21},"end":{"line":4,"column":29}},"3":{"start":{"line":5,"column":8},"end":{"line":8,"column":9}},"4":{"start":{"line":6,"column":12},"end":{"line":6,"column":55}},"5":{"start":{"line":7,"column":12},"end":{"line":7,"column":32}},"6":{"start":{"line":9,"column":8},"end":{"line":9,"column":42}},"7":{"start":{"line":12,"column":16},"end":{"line":19,"column":5}},"8":{"start":{"line":13,"column":26},"end":{"line":13,"column":45}},"9":{"start":{"line":14,"column":24},"end":{"line":14,"column":34}},"10":{"start":{"line":15,"column":8},"end":{"line":17,"column":9}},"11":{"start":{"line":16,"column":12},"end":{"line":16,"column":72}},"12":{"start":{"line":16,"column":46},"end":{"line":16,"column":70}},"13":{"start":{"line":18,"column":8},"end":{"line":18,"column":28}},"14":{"start":{"line":21,"column":20},"end":{"line":21,"column":52}},"15":{"start":{"line":21,"column":34},"end":{"line":21,"column":52}},"16":{"start":{"line":23,"column":4},"end":{"line":23,"column":34}},"17":{"start":{"line":27,"column":0},"end":{"line":27,"column":33}}},"fnMap":{"0":{"name":"(anonymous_0)","decl":{"start":{"line":1,"column":24},"end":{"line":1,"column":25}},"loc":{"start":{"line":1,"column":35},"end":{"line":25,"column":1}},"line":1},"1":{"name":"(anonymous_1)","decl":{"start":{"line":3,"column":17},"end":{"line":3,"column":18}},"loc":{"start":{"line":3,"column":31},"end":{"line":10,"column":5}},"line":3},"2":{"name":"(anonymous_2)","decl":{"start":{"line":12,"column":16},"end":{"line":12,"column":17}},"loc":{"start":{"line":12,"column":30},"end":{"line":19,"column":5}},"line":12},"3":{"name":"(anonymous_3)","decl":{"start":{"line":16,"column":41},"end":{"line":16,"column":42}},"loc":{"start":{"line":16,"column":46},"end":{"line":16,"column":70}},"line":16},"4":{"name":"(anonymous_4)","decl":{"start":{"line":21,"column":20},"end":{"line":21,"column":21}},"loc":{"start":{"line":21,"column":34},"end":{"line":21,"column":52}},"line":21}},"branchMap":{"0":{"loc":{"start":{"line":15,"column":8},"end":{"line":17,"column":9}},"type":"if","locations":[{"start":{"line":15,"column":8},"end":{"line":17,"column":9}},{"start":{},"end":{}}],"line":15}},"s":{"0":1,"1":3,"2":1,"3":1,"4":0,"5":0,"6":1,"7":3,"8":2,"9":2,"10":2,"11":1,"12":1,"13":2,"14":3,"15":0,"16":3,"17":1},"f":{"0":3,"1":1,"2":2,"3":1,"4":0},"b":{"0":[1,1]},"_coverageSchema":"1a1c01bbd47fc00a2c39e90264f33305004495a9","hash":"3e44f9f0c0b931425219df90f3e34d82ad77312f"}
,"/Users/sansaro/manulife_university/class_hub/ClassHub-api/controllers/remarksController.js": {"path":"/Users/sansaro/manulife_university/class_hub/ClassHub-api/controllers/remarksController.js","statementMap":{"0":{"start":{"line":1,"column":26},"end":{"line":25,"column":1}},"1":{"start":{"line":3,"column":17},"end":{"line":10,"column":5}},"2":{"start":{"line":4,"column":23},"end":{"line":4,"column":31}},"3":{"start":{"line":5,"column":8},"end":{"line":8,"column":9}},"4":{"start":{"line":6,"column":12},"end":{"line":6,"column":59}},"5":{"start":{"line":7,"column":12},"end":{"line":7,"column":36}},"6":{"start":{"line":9,"column":8},"end":{"line":9,"column":44}},"7":{"start":{"line":12,"column":16},"end":{"line":19,"column":5}},"8":{"start":{"line":13,"column":26},"end":{"line":13,"column":45}},"9":{"start":{"line":14,"column":26},"end":{"line":14,"column":38}},"10":{"start":{"line":15,"column":8},"end":{"line":17,"column":9}},"11":{"start":{"line":16,"column":12},"end":{"line":16,"column":76}},"12":{"start":{"line":16,"column":50},"end":{"line":16,"column":74}},"13":{"start":{"line":18,"column":8},"end":{"line":18,"column":30}},"14":{"start":{"line":21,"column":20},"end":{"line":21,"column":54}},"15":{"start":{"line":21,"column":34},"end":{"line":21,"column":54}},"16":{"start":{"line":23,"column":4},"end":{"line":23,"column":34}},"17":{"start":{"line":27,"column":0},"end":{"line":27,"column":35}}},"fnMap":{"0":{"name":"(anonymous_0)","decl":{"start":{"line":1,"column":26},"end":{"line":1,"column":27}},"loc":{"start":{"line":1,"column":39},"end":{"line":25,"column":1}},"line":1},"1":{"name":"(anonymous_1)","decl":{"start":{"line":3,"column":17},"end":{"line":3,"column":18}},"loc":{"start":{"line":3,"column":31},"end":{"line":10,"column":5}},"line":3},"2":{"name":"(anonymous_2)","decl":{"start":{"line":12,"column":16},"end":{"line":12,"column":17}},"loc":{"start":{"line":12,"column":30},"end":{"line":19,"column":5}},"line":12},"3":{"name":"(anonymous_3)","decl":{"start":{"line":16,"column":45},"end":{"line":16,"column":46}},"loc":{"start":{"line":16,"column":50},"end":{"line":16,"column":74}},"line":16},"4":{"name":"(anonymous_4)","decl":{"start":{"line":21,"column":20},"end":{"line":21,"column":21}},"loc":{"start":{"line":21,"column":34},"end":{"line":21,"column":54}},"line":21}},"branchMap":{"0":{"loc":{"start":{"line":15,"column":8},"end":{"line":17,"column":9}},"type":"if","locations":[{"start":{"line":15,"column":8},"end":{"line":17,"column":9}},{"start":{},"end":{}}],"line":15}},"s":{"0":1,"1":2,"2":0,"3":0,"4":0,"5":0,"6":0,"7":2,"8":2,"9":2,"10":2,"11":1,"12":1,"13":2,"14":2,"15":0,"16":2,"17":1},"f":{"0":2,"1":0,"2":2,"3":1,"4":0},"b":{"0":[1,1]},"_coverageSchema":"1a1c01bbd47fc00a2c39e90264f33305004495a9","hash":"845701c8ed74bdb85fdfbc0c6bcb7dd2f1608115"}
,"/Users/sansaro/manulife_university/class_hub/ClassHub-api/controllers/sectionsController.js": {"path":"/Users/sansaro/manulife_university/class_hub/ClassHub-api/controllers/sectionsController.js","statementMap":{"0":{"start":{"line":1,"column":27},"end":{"line":16,"column":1}},"1":{"start":{"line":3,"column":16},"end":{"line":10,"column":5}},"2":{"start":{"line":4,"column":26},"end":{"line":4,"column":45}},"3":{"start":{"line":5,"column":27},"end":{"line":5,"column":40}},"4":{"start":{"line":6,"column":8},"end":{"line":8,"column":9}},"5":{"start":{"line":7,"column":12},"end":{"line":7,"column":78}},"6":{"start":{"line":7,"column":52},"end":{"line":7,"column":76}},"7":{"start":{"line":9,"column":8},"end":{"line":9,"column":31}},"8":{"start":{"line":12,"column":20},"end":{"line":12,"column":55}},"9":{"start":{"line":12,"column":34},"end":{"line":12,"column":55}},"10":{"start":{"line":14,"column":4},"end":{"line":14,"column":28}},"11":{"start":{"line":18,"column":0},"end":{"line":18,"column":36}}},"fnMap":{"0":{"name":"(anonymous_0)","decl":{"start":{"line":1,"column":27},"end":{"line":1,"column":28}},"loc":{"start":{"line":1,"column":41},"end":{"line":16,"column":1}},"line":1},"1":{"name":"(anonymous_1)","decl":{"start":{"line":3,"column":16},"end":{"line":3,"column":17}},"loc":{"start":{"line":3,"column":30},"end":{"line":10,"column":5}},"line":3},"2":{"name":"(anonymous_2)","decl":{"start":{"line":7,"column":47},"end":{"line":7,"column":48}},"loc":{"start":{"line":7,"column":52},"end":{"line":7,"column":76}},"line":7},"3":{"name":"(anonymous_3)","decl":{"start":{"line":12,"column":20},"end":{"line":12,"column":21}},"loc":{"start":{"line":12,"column":34},"end":{"line":12,"column":55}},"line":12}},"branchMap":{"0":{"loc":{"start":{"line":6,"column":8},"end":{"line":8,"column":9}},"type":"if","locations":[{"start":{"line":6,"column":8},"end":{"line":8,"column":9}},{"start":{},"end":{}}],"line":6}},"s":{"0":1,"1":2,"2":1,"3":1,"4":1,"5":0,"6":0,"7":1,"8":2,"9":1,"10":2,"11":1},"f":{"0":2,"1":1,"2":0,"3":1},"b":{"0":[0,1]},"_coverageSchema":"1a1c01bbd47fc00a2c39e90264f33305004495a9","hash":"dc0e5638fbca20b0a54de64d25cff60490c6f7dc"}
,"/Users/sansaro/manulife_university/class_hub/ClassHub-api/controllers/studentsController.js": {"path":"/Users/sansaro/manulife_university/class_hub/ClassHub-api/controllers/studentsController.js","statementMap":{"0":{"start":{"line":1,"column":27},"end":{"line":20,"column":1}},"1":{"start":{"line":3,"column":16},"end":{"line":14,"column":5}},"2":{"start":{"line":4,"column":25},"end":{"line":4,"column":43}},"3":{"start":{"line":5,"column":26},"end":{"line":5,"column":45}},"4":{"start":{"line":6,"column":27},"end":{"line":6,"column":40}},"5":{"start":{"line":7,"column":8},"end":{"line":9,"column":9}},"6":{"start":{"line":8,"column":12},"end":{"line":8,"column":76}},"7":{"start":{"line":8,"column":52},"end":{"line":8,"column":74}},"8":{"start":{"line":10,"column":8},"end":{"line":12,"column":9}},"9":{"start":{"line":11,"column":12},"end":{"line":11,"column":78}},"10":{"start":{"line":11,"column":52},"end":{"line":11,"column":76}},"11":{"start":{"line":13,"column":8},"end":{"line":13,"column":31}},"12":{"start":{"line":16,"column":20},"end":{"line":16,"column":55}},"13":{"start":{"line":16,"column":34},"end":{"line":16,"column":55}},"14":{"start":{"line":18,"column":4},"end":{"line":18,"column":28}},"15":{"start":{"line":22,"column":0},"end":{"line":22,"column":36}}},"fnMap":{"0":{"name":"(anonymous_0)","decl":{"start":{"line":1,"column":27},"end":{"line":1,"column":28}},"loc":{"start":{"line":1,"column":41},"end":{"line":20,"column":1}},"line":1},"1":{"name":"(anonymous_1)","decl":{"start":{"line":3,"column":16},"end":{"line":3,"column":17}},"loc":{"start":{"line":3,"column":30},"end":{"line":14,"column":5}},"line":3},"2":{"name":"(anonymous_2)","decl":{"start":{"line":8,"column":47},"end":{"line":8,"column":48}},"loc":{"start":{"line":8,"column":52},"end":{"line":8,"column":74}},"line":8},"3":{"name":"(anonymous_3)","decl":{"start":{"line":11,"column":47},"end":{"line":11,"column":48}},"loc":{"start":{"line":11,"column":52},"end":{"line":11,"column":76}},"line":11},"4":{"name":"(anonymous_4)","decl":{"start":{"line":16,"column":20},"end":{"line":16,"column":21}},"loc":{"start":{"line":16,"column":34},"end":{"line":16,"column":55}},"line":16}},"branchMap":{"0":{"loc":{"start":{"line":7,"column":8},"end":{"line":9,"column":9}},"type":"if","locations":[{"start":{"line":7,"column":8},"end":{"line":9,"column":9}},{"start":{},"end":{}}],"line":7},"1":{"loc":{"start":{"line":10,"column":8},"end":{"line":12,"column":9}},"type":"if","locations":[{"start":{"line":10,"column":8},"end":{"line":12,"column":9}},{"start":{},"end":{}}],"line":10}},"s":{"0":1,"1":4,"2":3,"3":3,"4":3,"5":3,"6":1,"7":1,"8":3,"9":1,"10":1,"11":3,"12":4,"13":1,"14":4,"15":1},"f":{"0":4,"1":3,"2":1,"3":1,"4":1},"b":{"0":[1,2],"1":[1,2]},"_coverageSchema":"1a1c01bbd47fc00a2c39e90264f33305004495a9","hash":"c6d67325b704c5b47245afbff1e1f7d2a415816b"}
,"/Users/sansaro/manulife_university/class_hub/ClassHub-api/controllers/subjectsController.js": {"path":"/Users/sansaro/manulife_university/class_hub/ClassHub-api/controllers/subjectsController.js","statementMap":{"0":{"start":{"line":1,"column":27},"end":{"line":16,"column":1}},"1":{"start":{"line":3,"column":16},"end":{"line":10,"column":5}},"2":{"start":{"line":4,"column":26},"end":{"line":4,"column":42}},"3":{"start":{"line":5,"column":27},"end":{"line":5,"column":40}},"4":{"start":{"line":6,"column":8},"end":{"line":8,"column":9}},"5":{"start":{"line":7,"column":12},"end":{"line":7,"column":75}},"6":{"start":{"line":7,"column":52},"end":{"line":7,"column":73}},"7":{"start":{"line":9,"column":8},"end":{"line":9,"column":31}},"8":{"start":{"line":12,"column":20},"end":{"line":12,"column":55}},"9":{"start":{"line":12,"column":34},"end":{"line":12,"column":55}},"10":{"start":{"line":14,"column":4},"end":{"line":14,"column":28}},"11":{"start":{"line":18,"column":0},"end":{"line":18,"column":36}}},"fnMap":{"0":{"name":"(anonymous_0)","decl":{"start":{"line":1,"column":27},"end":{"line":1,"column":28}},"loc":{"start":{"line":1,"column":41},"end":{"line":16,"column":1}},"line":1},"1":{"name":"(anonymous_1)","decl":{"start":{"line":3,"column":16},"end":{"line":3,"column":17}},"loc":{"start":{"line":3,"column":30},"end":{"line":10,"column":5}},"line":3},"2":{"name":"(anonymous_2)","decl":{"start":{"line":7,"column":47},"end":{"line":7,"column":48}},"loc":{"start":{"line":7,"column":52},"end":{"line":7,"column":73}},"line":7},"3":{"name":"(anonymous_3)","decl":{"start":{"line":12,"column":20},"end":{"line":12,"column":21}},"loc":{"start":{"line":12,"column":34},"end":{"line":12,"column":55}},"line":12}},"branchMap":{"0":{"loc":{"start":{"line":6,"column":8},"end":{"line":8,"column":9}},"type":"if","locations":[{"start":{"line":6,"column":8},"end":{"line":8,"column":9}},{"start":{},"end":{}}],"line":6}},"s":{"0":1,"1":3,"2":2,"3":2,"4":2,"5":1,"6":1,"7":2,"8":3,"9":1,"10":3,"11":1},"f":{"0":3,"1":2,"2":1,"3":1},"b":{"0":[1,1]},"_coverageSchema":"1a1c01bbd47fc00a2c39e90264f33305004495a9","hash":"14fb2700090363bea42c978354a9129749e18c3e"}
,"/Users/sansaro/manulife_university/class_hub/ClassHub-api/controllers/usersController.js": {"path":"/Users/sansaro/manulife_university/class_hub/ClassHub-api/controllers/usersController.js","statementMap":{"0":{"start":{"line":1,"column":24},"end":{"line":16,"column":1}},"1":{"start":{"line":3,"column":17},"end":{"line":8,"column":5}},"2":{"start":{"line":4,"column":21},"end":{"line":4,"column":29}},"3":{"start":{"line":5,"column":8},"end":{"line":5,"column":48}},"4":{"start":{"line":6,"column":8},"end":{"line":6,"column":25}},"5":{"start":{"line":7,"column":8},"end":{"line":7,"column":42}},"6":{"start":{"line":10,"column":16},"end":{"line":10,"column":45}},"7":{"start":{"line":10,"column":30},"end":{"line":10,"column":45}},"8":{"start":{"line":12,"column":20},"end":{"line":12,"column":52}},"9":{"start":{"line":12,"column":34},"end":{"line":12,"column":52}},"10":{"start":{"line":14,"column":4},"end":{"line":14,"column":34}},"11":{"start":{"line":18,"column":0},"end":{"line":18,"column":33}}},"fnMap":{"0":{"name":"(anonymous_0)","decl":{"start":{"line":1,"column":24},"end":{"line":1,"column":25}},"loc":{"start":{"line":1,"column":35},"end":{"line":16,"column":1}},"line":1},"1":{"name":"(anonymous_1)","decl":{"start":{"line":3,"column":17},"end":{"line":3,"column":18}},"loc":{"start":{"line":3,"column":31},"end":{"line":8,"column":5}},"line":3},"2":{"name":"(anonymous_2)","decl":{"start":{"line":10,"column":16},"end":{"line":10,"column":17}},"loc":{"start":{"line":10,"column":30},"end":{"line":10,"column":45}},"line":10},"3":{"name":"(anonymous_3)","decl":{"start":{"line":12,"column":20},"end":{"line":12,"column":21}},"loc":{"start":{"line":12,"column":34},"end":{"line":12,"column":52}},"line":12}},"branchMap":{},"s":{"0":1,"1":3,"2":1,"3":1,"4":1,"5":1,"6":3,"7":1,"8":3,"9":1,"10":3,"11":1},"f":{"0":3,"1":1,"2":1,"3":1},"b":{},"_coverageSchema":"1a1c01bbd47fc00a2c39e90264f33305004495a9","hash":"694566c887a2ad3a2d6ab7fa450a0ea8b00d5ac9"}
}
