TN:
SF:controllers/attendancesController.js
FN:1,(anonymous_0)
FN:3,(anonymous_1)
FN:12,(anonymous_2)
FN:16,(anonymous_3)
FN:21,(anonymous_4)
FNF:5
FNH:4
FNDA:3,(anonymous_0)
FNDA:1,(anonymous_1)
FNDA:2,(anonymous_2)
FNDA:1,(anonymous_3)
FNDA:0,(anonymous_4)
DA:1,1
DA:3,3
DA:4,1
DA:5,1
DA:6,0
DA:7,0
DA:9,1
DA:12,3
DA:13,2
DA:14,2
DA:15,2
DA:16,1
DA:18,2
DA:21,3
DA:23,3
DA:27,1
LF:16
LH:14
BRDA:15,0,0,1
BRDA:15,0,1,1
BRF:2
BRH:2
end_of_record
TN:
SF:controllers/examsController.js
FN:1,(anonymous_0)
FN:3,(anonymous_1)
FN:12,(anonymous_2)
FN:16,(anonymous_3)
FN:21,(anonymous_4)
FNF:5
FNH:4
FNDA:3,(anonymous_0)
FNDA:1,(anonymous_1)
FNDA:2,(anonymous_2)
FNDA:1,(anonymous_3)
FNDA:0,(anonymous_4)
DA:1,1
DA:3,3
DA:4,1
DA:5,1
DA:6,0
DA:7,0
DA:9,1
DA:12,3
DA:13,2
DA:14,2
DA:15,2
DA:16,1
DA:18,2
DA:21,3
DA:23,3
DA:27,1
LF:16
LH:14
BRDA:15,0,0,1
BRDA:15,0,1,1
BRF:2
BRH:2
end_of_record
TN:
SF:controllers/remarksController.js
FN:1,(anonymous_0)
FN:3,(anonymous_1)
FN:12,(anonymous_2)
FN:16,(anonymous_3)
FN:21,(anonymous_4)
FNF:5
FNH:3
FNDA:2,(anonymous_0)
FNDA:0,(anonymous_1)
FNDA:2,(anonymous_2)
FNDA:1,(anonymous_3)
FNDA:0,(anonymous_4)
DA:1,1
DA:3,2
DA:4,0
DA:5,0
DA:6,0
DA:7,0
DA:9,0
DA:12,2
DA:13,2
DA:14,2
DA:15,2
DA:16,1
DA:18,2
DA:21,2
DA:23,2
DA:27,1
LF:16
LH:11
BRDA:15,0,0,1
BRDA:15,0,1,1
BRF:2
BRH:2
end_of_record
TN:
SF:controllers/sectionsController.js
FN:1,(anonymous_0)
FN:3,(anonymous_1)
FN:7,(anonymous_2)
FN:12,(anonymous_3)
FNF:4
FNH:3
FNDA:2,(anonymous_0)
FNDA:1,(anonymous_1)
FNDA:0,(anonymous_2)
FNDA:1,(anonymous_3)
DA:1,1
DA:3,2
DA:4,1
DA:5,1
DA:6,1
DA:7,0
DA:9,1
DA:12,2
DA:14,2
DA:18,1
LF:10
LH:9
BRDA:6,0,0,0
BRDA:6,0,1,1
BRF:2
BRH:1
end_of_record
TN:
SF:controllers/studentsController.js
FN:1,(anonymous_0)
FN:3,(anonymous_1)
FN:8,(anonymous_2)
FN:11,(anonymous_3)
FN:16,(anonymous_4)
FNF:5
FNH:5
FNDA:4,(anonymous_0)
FNDA:3,(anonymous_1)
FNDA:1,(anonymous_2)
FNDA:1,(anonymous_3)
FNDA:1,(anonymous_4)
DA:1,1
DA:3,4
DA:4,3
DA:5,3
DA:6,3
DA:7,3
DA:8,1
DA:10,3
DA:11,1
DA:13,3
DA:16,4
DA:18,4
DA:22,1
LF:13
LH:13
BRDA:7,0,0,1
BRDA:7,0,1,2
BRDA:10,1,0,1
BRDA:10,1,1,2
BRF:4
BRH:4
end_of_record
TN:
SF:controllers/subjectsController.js
FN:1,(anonymous_0)
FN:3,(anonymous_1)
FN:7,(anonymous_2)
FN:12,(anonymous_3)
FNF:4
FNH:4
FNDA:3,(anonymous_0)
FNDA:2,(anonymous_1)
FNDA:1,(anonymous_2)
FNDA:1,(anonymous_3)
DA:1,1
DA:3,3
DA:4,2
DA:5,2
DA:6,2
DA:7,1
DA:9,2
DA:12,3
DA:14,3
DA:18,1
LF:10
LH:10
BRDA:6,0,0,1
BRDA:6,0,1,1
BRF:2
BRH:2
end_of_record
TN:
SF:controllers/usersController.js
FN:1,(anonymous_0)
FN:3,(anonymous_1)
FN:10,(anonymous_2)
FN:12,(anonymous_3)
FNF:4
FNH:4
FNDA:3,(anonymous_0)
FNDA:1,(anonymous_1)
FNDA:1,(anonymous_2)
FNDA:1,(anonymous_3)
DA:1,1
DA:3,3
DA:4,1
DA:5,1
DA:6,1
DA:7,1
DA:10,3
DA:12,3
DA:14,3
DA:18,1
LF:10
LH:10
BRF:0
BRH:0
end_of_record
